"C:/GameLiftTutorial/Content/Cute_Hamsters/Meshes/Character_Meshes/SK_Cute_Hamster_Skeleton.uasset" 0
"C:/GameLiftTutorial/Content/Cute_Hamsters/Animations/Anim_Ham_Attack_A.uasset" 1
"C:/GameLiftTutorial/Content/Cute_Hamsters/Animations/Anim_Ham_Bye.uasset" 2
"C:/GameLiftTutorial/Content/Cute_Hamsters/Animations/Anim_Ham_Die.uasset" 3
"C:/GameLiftTutorial/Content/Cute_Hamsters/Animations/Anim_Ham_Idle_A.uasset" 4
"C:/GameLiftTutorial/Content/Cute_Hamsters/Animations/Anim_Ham_Idle_B.uasset" 5
"C:/GameLiftTutorial/Content/Cute_Hamsters/Animations/Anim_Ham_Idle_C.uasset" 6
"C:/GameLiftTutorial/Content/Cute_Hamsters/Animations/Anim_Ham_Jump.uasset" 7
"C:/GameLiftTutorial/Content/Cute_Hamsters/Animations/Anim_Ham_Making.uasset" 8
"C:/GameLiftTutorial/Content/Cute_Hamsters/Animations/Anim_Ham_Rest.uasset" 9
"C:/GameLiftTutorial/Content/Cute_Hamsters/Animations/Anim_Ham_Run.uasset" 10
"C:/GameLiftTutorial/Content/Cute_Hamsters/Animations/Anim_Ham_Swim.uasset" 11
"C:/GameLiftTutorial/Content/Cute_Hamsters/Animations/Anim_Ham_Walk.uasset" 12
"../../../Engine/Content/EditorBlueprintResources/StandardMacros.uasset" 13
"C:/GameLiftTutorial/Content/Cute_Hamsters/Animations/BP_CuteHamsters_ANim.uasset" 14
"C:/GameLiftTutorial/Content/Cute_Hamsters/Textures/Faces_Textures/T_Face01.uasset" 15
"C:/GameLiftTutorial/Content/Cute_Hamsters/Materials/Faces_Materials/M_Face_1.uasset" 16
"C:/GameLiftTutorial/Content/Cute_Hamsters/Textures/Hamsters_Textures/T_Hamsto01.uasset" 17
"C:/GameLiftTutorial/Content/Cute_Hamsters/Materials/Hamsters_Materials/M_Hamster_1.uasset" 18
"C:/GameLiftTutorial/Content/Cute_Hamsters/Meshes/Character_Meshes/Cute_Hamster_PhysicsAsset.uasset" 19
"C:/GameLiftTutorial/Content/Cute_Hamsters/Meshes/Character_Meshes/SM_Cute_Hamster.uasset" 20
"C:/GameLiftTutorial/Content/ThirdPersonBP/BP_ThirdPersonCharacter.uasset" 21
"C:/GameLiftTutorial/Content/ThirdPersonBP/BP_ThirdPersonGameMode.uasset" 22
"C:/GameLiftTutorial/Content/Mannequin/Character/Mesh/UE4_Mannequin_Skeleton.uasset" 23
"C:/GameLiftTutorial/Content/Mannequin/Animations/ThirdPerson_Jump.uasset" 24
"C:/GameLiftTutorial/Content/Mannequin/Animations/ThirdPersonJump_Loop.uasset" 25
"C:/GameLiftTutorial/Content/Mannequin/Animations/ThirdPersonJump_Start.uasset" 26
"C:/GameLiftTutorial/Content/Mannequin/Animations/ThirdPersonIdle.uasset" 27
"C:/GameLiftTutorial/Content/Mannequin/Animations/ThirdPersonRun.uasset" 28
"C:/GameLiftTutorial/Content/Mannequin/Animations/ThirdPersonWalk.uasset" 29
"C:/GameLiftTutorial/Content/Mannequin/Animations/ThirdPerson_IdleRun_2D.uasset" 30
"C:/GameLiftTutorial/Content/Mannequin/Animations/ThirdPerson_AnimBP.uasset" 31
"C:/GameLiftTutorial/Content/ThirdPersonCPP/Blueprints/GameLiftServerGameInstance.uasset" 32
"../../../Engine/Content/Functions/Engine_MaterialFunctions02/Utility/BlendAngleCorrectedNormals.uasset" 33
"../../../Engine/Content/Functions/MaterialLayerFunctions/MatLayerBlend_NormalBlend.uasset" 34
"../../../Engine/Content/Functions/MaterialLayerFunctions/MatLayerBlend_Simple.uasset" 35
"C:/GameLiftTutorial/Content/Mannequin/Character/Materials/MaterialLayers/T_ML_Rubber_Blue_01_D.uasset" 36
"C:/GameLiftTutorial/Content/Mannequin/Character/Materials/MaterialLayers/T_ML_Rubber_Blue_01_N.uasset" 37
"C:/GameLiftTutorial/Content/Mannequin/Character/Materials/MaterialLayers/ML_GlossyBlack_Latex_UE4.uasset" 38
"C:/GameLiftTutorial/Content/Mannequin/Character/Materials/MaterialLayers/ML_Plastic_Shiny_Beige.uasset" 39
"C:/GameLiftTutorial/Content/Mannequin/Character/Textures/UE4_LOGO_CARD.uasset" 40
"C:/GameLiftTutorial/Content/Mannequin/Character/Materials/MaterialLayers/ML_Plastic_Shiny_Beige_LOGO.uasset" 41
"C:/GameLiftTutorial/Content/Mannequin/Character/Materials/MaterialLayers/T_ML_Aluminum01.uasset" 42
"C:/GameLiftTutorial/Content/Mannequin/Character/Materials/MaterialLayers/T_ML_Aluminum01_N.uasset" 43
"C:/GameLiftTutorial/Content/Mannequin/Character/Materials/MaterialLayers/ML_SoftMetal_UE4.uasset" 44
"C:/GameLiftTutorial/Content/Mannequin/Character/Textures/UE4_Mannequin__normals.uasset" 45
"C:/GameLiftTutorial/Content/Mannequin/Character/Textures/UE4_Mannequin_MAT_MASKA.uasset" 46
"C:/GameLiftTutorial/Content/Mannequin/Character/Materials/M_UE4Man_Body.uasset" 47
"C:/GameLiftTutorial/Content/Mannequin/Character/Textures/UE4Man_Logo_N.uasset" 48
"C:/GameLiftTutorial/Content/Mannequin/Character/Materials/M_UE4Man_ChestLogo.uasset" 49
"C:/GameLiftTutorial/Content/Mannequin/Character/Mesh/SK_Mannequin_PhysicsAsset.uasset" 50
"C:/GameLiftTutorial/Content/Mannequin/Character/Mesh/SK_Mannequin.uasset" 51
"C:/GameLiftTutorial/Content/ThirdPersonCPP/Blueprints/ThirdPersonCharacter.uasset" 52
"../../../Engine/Content/Animation/DefaultAnimCurveCompressionSettings.uasset" 53
"../../../Engine/Content/Functions/Engine_MaterialFunctions01/Opacity/CameraDepthFade.uasset" 54
"../../../Engine/Content/EngineMaterials/T_Default_Material_Grid_M.uasset" 55
"../../../Engine/Content/EngineMaterials/T_Default_Material_Grid_N.uasset" 56
"../../../Engine/Content/EngineMaterials/WorldGridMaterial.uasset" 57
"../../../Engine/Content/ArtTools/RenderToTexture/Meshes/S_1_Unit_Plane.uasset" 58
"../../../Engine/Content/EngineMaterials/DefaultMaterial.uasset" 59
"../../../Engine/Content/BasicShapes/Cone.uasset" 60
"../../../Engine/Content/BasicShapes/Cube.uasset" 61
"../../../Engine/Content/BasicShapes/Cylinder.uasset" 62
"../../../Engine/Content/BasicShapes/Plane.uasset" 63
"../../../Engine/Content/BasicShapes/Sphere.uasset" 64
"../../../Engine/Content/EditorLandscapeResources/DataLayer.uasset" 65
"../../../Engine/Content/EditorMaterials/GizmoMaterial.uasset" 66
"../../../Engine/Content/EditorMaterials/MAT_Groups_Toggle.uasset" 67
"../../../Engine/Content/EditorMaterials/MAT_Groups_Visibility.uasset" 68
"../../../Engine/Content/EditorMaterials/PreviewShadowIndicator.uasset" 69
"../../../Engine/Content/EditorMaterials/PreviewShadowIndicatorMaterial.uasset" 70
"../../../Engine/Content/EditorMaterials/MatineeGroups/MAT_ColorTrack.uasset" 71
"../../../Engine/Content/EditorMaterials/MatineeGroups/MAT_Groups_Anim.uasset" 72
"../../../Engine/Content/EditorMaterials/MatineeGroups/MAT_Groups_AudioMaster.uasset" 73
"../../../Engine/Content/EditorMaterials/MatineeGroups/MAT_Groups_Director.uasset" 74
"../../../Engine/Content/EditorMaterials/MatineeGroups/MAT_Groups_Event.uasset" 75
"../../../Engine/Content/EditorMaterials/MatineeGroups/MAT_Groups_Fade.uasset" 76
"../../../Engine/Content/EditorMaterials/MatineeGroups/MAT_Groups_Float.uasset" 77
"../../../Engine/Content/EditorMaterials/MatineeGroups/MAT_Groups_Move.uasset" 78
"../../../Engine/Content/EditorMaterials/MatineeGroups/MAT_Groups_Slomo.uasset" 79
"../../../Engine/Content/EditorMaterials/MatineeGroups/MAT_Groups_Sound.uasset" 80
"../../../Engine/Content/EditorMaterials/MatineeGroups/MAT_Groups_Vector.uasset" 81
"../../../Engine/Content/EditorMaterials/ParticleSystems/PSysThumbnail_NoImage.uasset" 82
"../../../Engine/Content/EditorMaterials/ParticleSystems/PSysThumbnail_OOD.uasset" 83
"../../../Engine/Content/EditorMaterials/Camera/CineMat.uasset" 84
"../../../Engine/Content/EditorMaterials/Camera/MI_CineMat_Rig.uasset" 85
"../../../Engine/Content/EditorMeshes/Camera/SM_CraneRig_Arm.uasset" 86
"../../../Engine/Content/EditorMeshes/Camera/SM_CraneRig_Base.uasset" 87
"../../../Engine/Content/EditorMeshes/Camera/SM_CraneRig_Body.uasset" 88
"../../../Engine/Content/EditorMeshes/Camera/SM_CraneRig_Mount.uasset" 89
"../../../Engine/Content/EditorMeshes/Camera/SM_RailRig_Mount.uasset" 90
"../../../Engine/Content/EditorMeshes/Camera/SM_RailRig_Track.uasset" 91
"../../../Engine/Content/EditorResources/BSPVertex.uasset" 92
"../../../Engine/Content/EditorResources/EmptyActor.uasset" 93
"../../../Engine/Content/EditorResources/S_Actor.uasset" 94
"../../../Engine/Content/EditorResources/S_Note.uasset" 95
"../../../Engine/Content/EditorResources/S_Trigger.uasset" 96
"../../../Engine/Content/EditorResources/LightIcons/S_LightError.uasset" 97
"../../../Engine/Content/EditorResources/SequenceRecorder/Countdown.uasset" 98
"../../../Engine/Content/EditorResources/SequenceRecorder/RecordingIndicator.uasset" 99
"../../../Engine/Content/EditorSounds/Notifications/CompileFailed.uasset" 100
"../../../Engine/Content/EditorSounds/Notifications/CompileFailed_Cue.uasset" 101
"../../../Engine/Content/EditorSounds/Notifications/CompileSuccess.uasset" 102
"../../../Engine/Content/EditorSounds/Notifications/CompileStart_Cue.uasset" 103
"../../../Engine/Content/EditorSounds/Notifications/CompileSuccess_Cue.uasset" 104
"../../../Engine/Content/EngineDamageTypes/DmgTypeBP_Environmental.uasset" 105
"../../../Engine/Content/EngineDebugMaterials/HeatmapGradient.uasset" 106
"../../../Engine/Content/EngineDebugMaterials/BoneWeightMaterial.uasset" 107
"../../../Engine/Content/EngineDebugMaterials/ClothMaterial.uasset" 108
"../../../Engine/Content/EngineDebugMaterials/ClothMaterial_WF.uasset" 109
"../../../Engine/Content/EngineDebugMaterials/DebugEditorMaterial.uasset" 110
"../../../Engine/Content/EngineDebugMaterials/DebugMeshMaterial.uasset" 111
"../../../Engine/Content/EngineDebugMaterials/GeomMaterial.uasset" 112
"../../../Engine/Content/EngineDebugMaterials/M_SimpleTranslucent.uasset" 113
"../../../Engine/Content/EngineFonts/Faces/RobotoBold.uasset" 114
"../../../Engine/Content/EngineFonts/Faces/RobotoBoldItalic.uasset" 115
"../../../Engine/Content/EngineFonts/Faces/RobotoItalic.uasset" 116
"../../../Engine/Content/EngineFonts/Faces/RobotoLight.uasset" 117
"../../../Engine/Content/EngineFonts/Faces/RobotoRegular.uasset" 118
"../../../Engine/Content/EngineFonts/Roboto.uasset" 119
"../../../Engine/Content/EngineFonts/Faces/RobotoTiny.uasset" 120
"../../../Engine/Content/EngineFonts/RobotoTiny.uasset" 121
"../../../Engine/Content/EngineMaterials/BaseFlattenDiffuseMap.uasset" 122
"../../../Engine/Content/EngineMaterials/BaseFlattenEmissiveMap.uasset" 123
"../../../Engine/Content/EngineMaterials/BaseFlattenGrayscaleMap.uasset" 124
"../../../Engine/Content/EngineMaterials/BaseFlattenNormalMap.uasset" 125
"../../../Engine/Content/EngineMaterials/BaseFlattenMaterial.uasset" 126
"../../../Engine/Content/EngineMaterials/DefaultBloomKernel.uasset" 127
"../../../Engine/Content/EngineMaterials/DefaultBokeh.uasset" 128
"../../../Engine/Content/EngineMaterials/DefaultDiffuse.uasset" 129
"../../../Engine/Content/EngineMaterials/DefaultDeferredDecalMaterial.uasset" 130
"../../../Engine/Content/EngineMaterials/DefaultLightFunctionMaterial.uasset" 131
"../../../Engine/Content/EngineMaterials/DefaultPhysicalMaterial.uasset" 132
"../../../Engine/Content/Functions/Engine_MaterialFunctions02/Utility/BreakOutFloat2Components.uasset" 133
"../../../Engine/Content/EngineMaterials/DefaultPostProcessMaterial.uasset" 134
"../../../Engine/Content/EngineFonts/RobotoDistanceField.uasset" 135
"../../../Engine/Content/EngineMaterials/DefaultTextMaterialOpaque.uasset" 136
"../../../Engine/Content/EngineMaterials/DefaultWhiteGrid.uasset" 137
"../../../Engine/Content/EngineMaterials/EditorBrushMaterial.uasset" 138
"../../../Engine/Content/EngineMaterials/Good64x64TilingNoiseHighFreq.uasset" 139
"../../../Engine/Content/EngineMaterials/MiniFont.uasset" 140
"../../../Engine/Content/EngineMaterials/InvalidLightmapSettings.uasset" 141
"../../../Engine/Content/EngineMaterials/M_InvalidLightmapSettings.uasset" 142
"../../../Engine/Content/Functions/Engine_MaterialFunctions02/WorldPositionOffset/CameraOffset.uasset" 143
"../../../Engine/Content/EngineMaterials/PhAT_JointLimitMaterial.uasset" 144
"../../../Engine/Content/EngineMaterials/PreintegratedSkinBRDF.uasset" 145
"../../../Engine/Content/EngineMaterials/RemoveSurfaceMaterial.uasset" 146
"../../../Engine/Content/EngineMaterials/WeightMapPlaceholderTexture.uasset" 147
"../../../Engine/Content/EngineResources/WhiteSquareTexture.uasset" 148
"../../../Engine/Content/EngineMaterials/Widget3DPassThrough.uasset" 149
"../../../Engine/Content/EngineMaterials/Widget3DPassThrough_Masked.uasset" 150
"../../../Engine/Content/EngineMaterials/Widget3DPassThrough_Opaque.uasset" 151
"../../../Engine/Content/EngineMaterials/Widget3DPassThrough_Masked_OneSided.uasset" 152
"../../../Engine/Content/EngineMaterials/Widget3DPassThrough_Opaque_OneSided.uasset" 153
"../../../Engine/Content/EngineMaterials/Widget3DPassThrough_Translucent.uasset" 154
"../../../Engine/Content/EngineMaterials/Widget3DPassThrough_Translucent_OneSided.uasset" 155
"../../../Engine/Content/EngineMeshes/Cylinder.uasset" 156
"../../../Engine/Content/EngineMeshes/Sphere.uasset" 157
"../../../Engine/Content/EngineResources/Black.uasset" 158
"../../../Engine/Content/EngineResources/DefaultTexture.uasset" 159
"../../../Engine/Content/EngineResources/DefaultTextureCube.uasset" 160
"../../../Engine/Content/EngineResources/DefaultVolumeTexture2D.uasset" 161
"../../../Engine/Content/EngineResources/DefaultVolumeTexture.uasset" 162
"../../../Engine/Content/EngineResources/GradientTexture0.uasset" 163
"../../../Engine/Content/EngineSounds/Master.uasset" 164
"../../../Engine/Content/Functions/Engine_MaterialFunctions01/Shading/ConvertFromDiffSpec.uasset" 165
"../../../Engine/Content/Functions/Engine_MaterialFunctions01/Shading/PowerToRoughness.uasset" 166
"../../../Engine/Content/Maps/Templates/Thumbnails/Default.uasset" 167
"../../../Engine/Content/Maps/Templates/Thumbnails/VR-Basic.uasset" 168
"../../../Engine/Content/MobileResources/T_MobileControls_texture.uasset" 169
"../../../Engine/Content/MobileResources/T_MobileMenu2.uasset" 170
"../../../Engine/Content/MobileResources/HUD/AnalogHat.uasset" 171
"../../../Engine/Content/MobileResources/HUD/VirtualJoystick_Background.uasset" 172
"../../../Engine/Content/MobileResources/HUD/VirtualJoystick_Thumb.uasset" 173
"../../../Engine/Content/MobileResources/HUD/DefaultVirtualJoysticks.uasset" 174
"../../../Engine/Content/MobileResources/HUD/LeftVirtualJoystickOnly.uasset" 175
"../../../Engine/Content/MobileResources/HUD/MobileHUDButton1_off.uasset" 176
"../../../Engine/Content/MobileResources/HUD/MobileHUDButton1_on.uasset" 177
"../../../Engine/Content/MobileResources/HUD/MobileHUDButton2_off.uasset" 178
"../../../Engine/Content/MobileResources/HUD/MobileHUDButton2_on.uasset" 179
"../../../Engine/Content/MobileResources/HUD/MobileHUDButton3.uasset" 180
"../../../Engine/Content/MobileResources/HUD/MobileHUDButtonFire.uasset" 181
"../../../Engine/Content/MobileResources/HUD/MobileHUDDirectionPad.uasset" 182
"../../../Engine/Content/MobileResources/HUD/MobileHUDDirectionPad2.uasset" 183
"../../../Engine/Content/MobileResources/HUD/MobileHUDDirectionPad3.uasset" 184
"../../../Engine/Content/MobileResources/HUD/MobileHUDDirectionStick.uasset" 185
"../../../Engine/Content/MobileResources/HUD/T_Castle_ThumbstickInner.uasset" 186
"../../../Engine/Content/MobileResources/HUD/T_Castle_ThumbstickOutter.uasset" 187
"../../../Engine/Content/Tutorial/ContentIntroCurve.uasset" 188
"../../../Engine/Content/Tutorial/Basics/LevelEditorAttract.uasset" 189
"../../../Engine/Content/VREditor/LaserPointer/VR_LaserPower_01.uasset" 190
"../../../Engine/Content/VREditor/TransformGizmo/TransformGizmoMaterial.uasset" 191
"../../../Engine/Content/VREditor/TransformGizmo/TranslucentTransformGizmoMaterial.uasset" 192
"../../../Engine/Content/VREditor/TransformGizmo/BoundingBoxCorner.uasset" 193
"../../../Engine/Content/VREditor/TransformGizmo/BoundingBoxEdge.uasset" 194
"../../../Engine/Content/VREditor/TransformGizmo/PlaneTranslationHandle.uasset" 195
"../../../Engine/Content/VREditor/TransformGizmo/Main.uasset" 196
"../../../Engine/Content/VREditor/TransformGizmo/Xray.uasset" 197
"../../../Engine/Content/VREditor/TransformGizmo/SM_Sequencer_Key.uasset" 198
"../../../Engine/Content/VREditor/TransformGizmo/SM_Sequencer_Node.uasset" 199
"../../Plugins/2D/Paper2D/Content/PlaceholderTextures/DummySpriteTexture.uasset" 200
"../../Plugins/2D/Paper2D/Content/DummySprite.uasset" 201
"../../Plugins/2D/Paper2D/Content/DefaultPaperTerrainMaterial.uasset" 202
"../../Plugins/2D/Paper2D/Content/DummySpriteTexture.uasset" 203
"../../Plugins/2D/Paper2D/Content/DefaultSpriteMaterial.uasset" 204
"../../Plugins/2D/Paper2D/Content/MaskedUnlitSpriteMaterial.uasset" 205
"../../Plugins/2D/Paper2D/Content/OpaqueUnlitSpriteMaterial.uasset" 206
"../../Plugins/Runtime/Oculus/OculusVR/Content/OculusMR_RenderTarget.uasset" 207
"../../../Engine/Content/Functions/Engine_MaterialFunctions02/Utility/BreakOutFloat4Components.uasset" 208
"../../../Engine/Content/Functions/Engine_MaterialFunctions02/Utility/MakeFloat2.uasset" 209
"../../../Engine/Content/Functions/Engine_MaterialFunctions02/Utility/MakeFloat3.uasset" 210
"../../Plugins/Runtime/Oculus/OculusVR/Content/Materials/OculusMR_ChromaKey.uasset" 211
"../../Plugins/Runtime/Oculus/OculusVR/Content/Materials/OculusMR_ChromaKey_Lit.uasset" 212
"../../Plugins/Runtime/Oculus/OculusVR/Content/Materials/OculusMR_OpaqueColoredMaterial.uasset" 213
"../../Plugins/Runtime/Oculus/OculusVR/Content/Materials/OculusMR_WhiteMaterial.uasset" 214
"../../Plugins/Runtime/Oculus/OculusVR/Content/Materials/PokeAHoleMaterial.uasset" 215
"../../Plugins/Runtime/Oculus/OculusVR/Content/Textures/GearVRController_AO.uasset" 216
"../../Plugins/Runtime/Oculus/OculusVR/Content/Textures/GearVRController_Color.uasset" 217
"../../Plugins/Runtime/Oculus/OculusVR/Content/Textures/GearVRController_Normal.uasset" 218
"../../Plugins/Runtime/Oculus/OculusVR/Content/Materials/GearVRControllerMaterial.uasset" 219
"../../Plugins/Runtime/Oculus/OculusVR/Content/Meshes/GearVrController.uasset" 220
"../../Plugins/Runtime/Oculus/OculusVR/Content/Textures/touchController_albedo.uasset" 221
"../../Plugins/Runtime/Oculus/OculusVR/Content/Textures/touchController_controlmap.uasset" 222
"../../Plugins/Runtime/Oculus/OculusVR/Content/Materials/touchController_mat.uasset" 223
"../../Plugins/Runtime/Oculus/OculusVR/Content/Meshes/LeftTouchController.uasset" 224
"../../Plugins/Runtime/Oculus/OculusVR/Content/Meshes/RiftHMD.uasset" 225
"../../Plugins/Runtime/Oculus/OculusVR/Content/Meshes/RightTouchController.uasset" 226
"C:/GameLiftTutorial/Content/ThirdPersonCPP/Blueprints/GameLiftClientGameMode.uasset" 227
"C:/GameLiftTutorial/Content/ThirdPersonCPP/Maps/GameEntry.umap" 228
"../../../Engine/Content/EngineSky/C_Sky_Cloud_Color.uasset" 229
"../../../Engine/Content/EngineSky/C_Sky_Horizon_Color.uasset" 230
"../../../Engine/Content/EngineSky/C_Sky_Zenith_Color.uasset" 231
"../../../Engine/Content/EngineSky/T_Sky_Blue.uasset" 232
"../../../Engine/Content/EngineSky/T_Sky_Clouds_M.uasset" 233
"../../../Engine/Content/EngineSky/T_Sky_Stars.uasset" 234
"../../../Engine/Content/EngineSky/M_Sky_Panning_Clouds2.uasset" 235
"../../../Engine/Content/EngineSky/SM_SkySphere.uasset" 236
"../../../Engine/Content/EngineSky/BP_Sky_Sphere.uasset" 237
"C:/GameLiftTutorial/Content/ThirdPersonCPP/Blueprints/ProcessParameterExample.uasset" 238
"C:/GameLiftTutorial/Content/ThirdPersonCPP/Blueprints/GameLiftServerGameMode.uasset" 239
"C:/GameLiftTutorial/Content/ThirdPersonCPP/Maps/ThirdPersonExampleMap_BuiltData.uasset" 240
"C:/GameLiftTutorial/Content/Geometry/Meshes/CubeMaterial.uasset" 241
"C:/GameLiftTutorial/Content/Geometry/Meshes/1M_Cube.uasset" 242
"C:/GameLiftTutorial/Content/Geometry/Meshes/1M_Cube_Chamfer.uasset" 243
"C:/GameLiftTutorial/Content/Geometry/Meshes/TemplateFloor.uasset" 244
"C:/GameLiftTutorial/Content/ThirdPerson/Meshes/RampMaterial.uasset" 245
"C:/GameLiftTutorial/Content/ThirdPerson/Meshes/Bump_StaticMesh.uasset" 246
"C:/GameLiftTutorial/Content/ThirdPerson/Meshes/LeftArm_StaticMesh.uasset" 247
"C:/GameLiftTutorial/Content/ThirdPerson/Meshes/Linear_Stair_StaticMesh.uasset" 248
"C:/GameLiftTutorial/Content/ThirdPerson/Meshes/Ramp_StaticMesh.uasset" 249
"C:/GameLiftTutorial/Content/ThirdPerson/Meshes/RightArm_StaticMesh.uasset" 250
"C:/GameLiftTutorial/Content/ThirdPersonCPP/Maps/ThirdPersonExampleMap.umap" 251
"C:/GameLiftTutorial/Content/ThirdPersonCPP/Maps/Transition.umap" 252
